21:11:50 **** Incremental Build of configuration Debug for project Nucleo-Test-Ground-2 ****
make -j16 all 
arm-none-eabi-gcc "../Core/Src/main.c" -mcpu=cortex-m4 -std=gnu11 -g3 -DDEBUG -DUSE_HAL_DRIVER -DSTM32L412xx -c -I../Core/Inc -I../Drivers/STM32L4xx_HAL_Driver/Inc -I../Drivers/STM32L4xx_HAL_Driver/Inc/Legacy -I../Drivers/CMSIS/Device/ST/STM32L4xx/Include -I../Drivers/CMSIS/Include -O0 -ffunction-sections -fdata-sections -Wall -fstack-usage -fcyclomatic-complexity -MMD -MP -MF"Core/Src/main.d" -MT"Core/Src/main.o" --specs=nano.specs -mfpu=fpv4-sp-d16 -mfloat-abi=hard -mthumb -o "Core/Src/main.o"
../Core/Src/main.c:63:8: error: unknown type name 'RTC_HandleTypeDef'
   63 | extern RTC_HandleTypeDef hrtc;
      |        ^~~~~~~~~~~~~~~~~
../Core/Src/main.c: In function 'main':
../Core/Src/main.c:100:13: warning: variable 'fetStatus' set but not used [-Wunused-but-set-variable]
  100 |     uint8_t fetStatus = 0;
      |             ^~~~~~~~~
../Core/Src/main.c:92:14: warning: unused variable 'ctrlStatus' [-Wunused-variable]
   92 |     uint16_t ctrlStatus = 0;
      |              ^~~~~~~~~~
make: *** [Core/Src/subdir.mk:37: Core/Src/main.o] Error 1
"make -j16 all" terminated with exit code 2. Build might be incomplete.
